{"body":{"email":"rajvir@yopmail.com"},"host":"localhost:3000","ip":"::1","level":"info","message":"logs","method":"POST","params":{},"query":{},"timestamp":"2023-06-18 12:16:06","url":"/v1/api/admin/forgot"}
{"body":{"password":"123456","token":"eyJhbGciOiJIUzI1NiIsInR5cCI6IkpXVCJ9.eyJ1c2VySWQiOiI2NDhlYTdiNmQ1Nzg0Y2M2NDgxY2IwZTYiLCJ0aW1lIjoxNjg3MDcwNzY2MTEyLCJpYXQiOjE2ODcwNzA3NjZ9.uo4PTnFjKZqn3CMrI-1qxof_OkaYSnFKLzy6h68u4sU"},"host":"localhost:3000","ip":"::1","level":"info","message":"logs","method":"POST","params":{},"query":{},"timestamp":"2023-06-18 12:16:41","url":"/v1/api/admin/reset-password"}
{"body":{"limit":10,"offset":0,"order":-1,"search":"","sort":"name"},"host":"localhost:3000","ip":"::1","level":"info","message":"logs","method":"POST","params":{},"query":{},"timestamp":"2023-06-18 12:17:16","url":"/v1/api/admin/order/list"}
{"body":{"limit":10,"offset":0,"order":-1,"search":"","sort":"name"},"host":"localhost:3000","ip":"::1","level":"info","message":"logs","method":"POST","params":{},"query":{},"timestamp":"2023-06-18 12:22:38","url":"/v1/api/admin/order/list"}
{"body":{"products":[{"frame":"https://storage.googleapis.com/ecommerce-5769b.appspot.com/1685776863308?GoogleAccessId=firebase-adminsdk-1t0jy%40ecommerce-5769b.iam.gserviceaccount.com&Expires=2246380200&Signature=PUoBlXlcjWOJh88YTypInByvavs2lkhPheBOamICsz2ak0VLIu4DP5rBfvd6e3OAmCFE60cx3E%2BAL0Bb2qtCrdt7TSxsuu4EJHaAj8Z2mzGrW75%2B02hO%2FsSSk8tnQHLjsfwjiWQcg3oTiuV6ad3u%2ByZhRW3k87UCgmsrLmgInqr2Cf4y1fAoQy1sWmGZWJZdaVFC4X01k4brHnOjFi4npYl1tZN%2BvJaYdcA5yyGcngiLwxSUamV229wlgare0PGvdcjwAQyxWw%2BK6yLhURqAbmspbASAQUygvSs4Eu2ugmMWswNRZVcdfWjXnFT1XObkjKi7cWqc8bICSc7wJ5Fpig%3D%3D","picture":"https://storage.googleapis.com/ecommerce-5769b.appspot.com/1685776863308?GoogleAccessId=firebase-adminsdk-1t0jy%40ecommerce-5769b.iam.gserviceaccount.com&Expires=2246380200&Signature=PUoBlXlcjWOJh88YTypInByvavs2lkhPheBOamICsz2ak0VLIu4DP5rBfvd6e3OAmCFE60cx3E%2BAL0Bb2qtCrdt7TSxsuu4EJHaAj8Z2mzGrW75%2B02hO%2FsSSk8tnQHLjsfwjiWQcg3oTiuV6ad3u%2ByZhRW3k87UCgmsrLmgInqr2Cf4y1fAoQy1sWmGZWJZdaVFC4X01k4brHnOjFi4npYl1tZN%2BvJaYdcA5yyGcngiLwxSUamV229wlgare0PGvdcjwAQyxWw%2BK6yLhURqAbmspbASAQUygvSs4Eu2ugmMWswNRZVcdfWjXnFT1XObkjKi7cWqc8bICSc7wJ5Fpig%3D%3D","price":11,"quantity":1}],"promo":null},"host":"localhost:3000","ip":"::1","level":"info","message":"logs","method":"POST","params":{},"query":{},"timestamp":"2023-06-18 12:23:36","url":"/v1/api/user/order/book"}
{"body":{"products":[{"frame":"https://storage.googleapis.com/ecommerce-5769b.appspot.com/1685776863308?GoogleAccessId=firebase-adminsdk-1t0jy%40ecommerce-5769b.iam.gserviceaccount.com&Expires=2246380200&Signature=PUoBlXlcjWOJh88YTypInByvavs2lkhPheBOamICsz2ak0VLIu4DP5rBfvd6e3OAmCFE60cx3E%2BAL0Bb2qtCrdt7TSxsuu4EJHaAj8Z2mzGrW75%2B02hO%2FsSSk8tnQHLjsfwjiWQcg3oTiuV6ad3u%2ByZhRW3k87UCgmsrLmgInqr2Cf4y1fAoQy1sWmGZWJZdaVFC4X01k4brHnOjFi4npYl1tZN%2BvJaYdcA5yyGcngiLwxSUamV229wlgare0PGvdcjwAQyxWw%2BK6yLhURqAbmspbASAQUygvSs4Eu2ugmMWswNRZVcdfWjXnFT1XObkjKi7cWqc8bICSc7wJ5Fpig%3D%3D","picture":"https://storage.googleapis.com/ecommerce-5769b.appspot.com/1685776863308?GoogleAccessId=firebase-adminsdk-1t0jy%40ecommerce-5769b.iam.gserviceaccount.com&Expires=2246380200&Signature=PUoBlXlcjWOJh88YTypInByvavs2lkhPheBOamICsz2ak0VLIu4DP5rBfvd6e3OAmCFE60cx3E%2BAL0Bb2qtCrdt7TSxsuu4EJHaAj8Z2mzGrW75%2B02hO%2FsSSk8tnQHLjsfwjiWQcg3oTiuV6ad3u%2ByZhRW3k87UCgmsrLmgInqr2Cf4y1fAoQy1sWmGZWJZdaVFC4X01k4brHnOjFi4npYl1tZN%2BvJaYdcA5yyGcngiLwxSUamV229wlgare0PGvdcjwAQyxWw%2BK6yLhURqAbmspbASAQUygvSs4Eu2ugmMWswNRZVcdfWjXnFT1XObkjKi7cWqc8bICSc7wJ5Fpig%3D%3D","price":11,"quantity":1}],"promo":null},"host":"localhost:3000","ip":"::1","level":"info","message":"logs","method":"POST","params":{},"query":{},"timestamp":"2023-06-18 12:23:46","url":"/v1/api/user/order/book"}
{"body":{"limit":10,"offset":0,"order":-1,"search":"","sort":"name"},"host":"localhost:3000","ip":"::1","level":"info","message":"logs","method":"POST","params":{},"query":{},"timestamp":"2023-06-18 12:23:53","url":"/v1/api/admin/order/list"}
{"body":{"limit":10,"offset":0,"order":-1,"search":"","sort":"name"},"host":"localhost:3000","ip":"::1","level":"info","message":"logs","method":"POST","params":{},"query":{},"timestamp":"2023-06-18 12:25:18","url":"/v1/api/admin/order/list"}
{"body":{"country":"india","email":"dev1@yopmail.com","name":"dev1 singh","street":"2421421421 12412"},"host":"localhost:3000","ip":"::1","level":"info","message":"logs","method":"PUT","params":{},"query":{},"timestamp":"2023-06-18 12:25:32","url":"/v1/api/user/address/edit"}
{"body":{"country":"india","email":"dev2@yopmail.com","name":"dev2 singh","street":"2421421421 12412"},"host":"localhost:3000","ip":"::1","level":"info","message":"logs","method":"PUT","params":{},"query":{},"timestamp":"2023-06-18 12:25:45","url":"/v1/api/user/address/edit"}
{"body":{"country":"india","email":"dev1@yopmail.com","name":"dev1 singh","street":"2421421421 12412"},"host":"localhost:3000","ip":"::1","level":"info","message":"logs","method":"PUT","params":{},"query":{},"timestamp":"2023-06-18 12:25:54","url":"/v1/api/user/address/edit"}
{"body":{"products":[{"frame":"https://storage.googleapis.com/ecommerce-5769b.appspot.com/1685776863308?GoogleAccessId=firebase-adminsdk-1t0jy%40ecommerce-5769b.iam.gserviceaccount.com&Expires=2246380200&Signature=PUoBlXlcjWOJh88YTypInByvavs2lkhPheBOamICsz2ak0VLIu4DP5rBfvd6e3OAmCFE60cx3E%2BAL0Bb2qtCrdt7TSxsuu4EJHaAj8Z2mzGrW75%2B02hO%2FsSSk8tnQHLjsfwjiWQcg3oTiuV6ad3u%2ByZhRW3k87UCgmsrLmgInqr2Cf4y1fAoQy1sWmGZWJZdaVFC4X01k4brHnOjFi4npYl1tZN%2BvJaYdcA5yyGcngiLwxSUamV229wlgare0PGvdcjwAQyxWw%2BK6yLhURqAbmspbASAQUygvSs4Eu2ugmMWswNRZVcdfWjXnFT1XObkjKi7cWqc8bICSc7wJ5Fpig%3D%3D","picture":"https://storage.googleapis.com/ecommerce-5769b.appspot.com/1685776863308?GoogleAccessId=firebase-adminsdk-1t0jy%40ecommerce-5769b.iam.gserviceaccount.com&Expires=2246380200&Signature=PUoBlXlcjWOJh88YTypInByvavs2lkhPheBOamICsz2ak0VLIu4DP5rBfvd6e3OAmCFE60cx3E%2BAL0Bb2qtCrdt7TSxsuu4EJHaAj8Z2mzGrW75%2B02hO%2FsSSk8tnQHLjsfwjiWQcg3oTiuV6ad3u%2ByZhRW3k87UCgmsrLmgInqr2Cf4y1fAoQy1sWmGZWJZdaVFC4X01k4brHnOjFi4npYl1tZN%2BvJaYdcA5yyGcngiLwxSUamV229wlgare0PGvdcjwAQyxWw%2BK6yLhURqAbmspbASAQUygvSs4Eu2ugmMWswNRZVcdfWjXnFT1XObkjKi7cWqc8bICSc7wJ5Fpig%3D%3D","price":11,"quantity":1}],"promo":null},"host":"localhost:3000","ip":"::1","level":"info","message":"logs","method":"POST","params":{},"query":{},"timestamp":"2023-06-18 12:25:57","url":"/v1/api/user/order/book"}
{"body":{"limit":10,"offset":0,"order":-1,"search":"","sort":"name"},"host":"localhost:3000","ip":"::1","level":"info","message":"logs","method":"POST","params":{},"query":{},"timestamp":"2023-06-18 12:26:02","url":"/v1/api/admin/order/list"}
{"body":{},"host":"localhost:3000","ip":"::1","level":"info","message":"logs","method":"POST","params":{},"query":{},"timestamp":"2023-06-18 12:32:14","url":"/v1/api/admin/order/details"}
{"body":{"id":"648ea9f06290ba33d80bcc8b"},"host":"localhost:3000","ip":"::1","level":"info","message":"logs","method":"POST","params":{},"query":{},"timestamp":"2023-06-18 12:32:34","url":"/v1/api/admin/order/details"}
{"body":{"id":"648ea9f06290ba33d80bcc8b"},"host":"localhost:3000","ip":"::1","level":"info","message":"logs","method":"POST","params":{},"query":{},"timestamp":"2023-06-18 12:32:44","url":"/v1/api/admin/order/details"}
{"body":{"id":"648ea9f06290ba33d80bcc8b"},"host":"localhost:3000","ip":"::1","level":"info","message":"logs","method":"POST","params":{},"query":{},"timestamp":"2023-06-18 12:36:03","url":"/v1/api/admin/order/details"}
{"body":{"id":"648ea9f06290ba33d80bcc8b"},"host":"localhost:3000","ip":"::1","level":"info","message":"logs","method":"POST","params":{},"query":{},"timestamp":"2023-06-18 13:18:04","url":"/v1/api/admin/order/status"}
{"body":{"id":"648ea9f06290ba33d80bcc8b","status":"d"},"host":"localhost:3000","ip":"::1","level":"info","message":"logs","method":"POST","params":{},"query":{},"timestamp":"2023-06-18 13:18:11","url":"/v1/api/admin/order/status"}
{"body":{"id":"648ea9f06290ba33d80bcc8b","status":"inProgress"},"host":"localhost:3000","ip":"::1","level":"info","message":"logs","method":"POST","params":{},"query":{},"timestamp":"2023-06-18 13:18:28","url":"/v1/api/admin/order/status"}
{"body":{"id":"648ea9f06290ba33d80bcc8b"},"host":"localhost:3000","ip":"::1","level":"info","message":"logs","method":"POST","params":{},"query":{},"timestamp":"2023-06-18 13:18:36","url":"/v1/api/admin/order/details"}
{"body":{"id":"648ea9f06290ba33d80bcc8b","status":"inProgress"},"host":"localhost:3000","ip":"::1","level":"info","message":"logs","method":"POST","params":{},"query":{},"timestamp":"2023-06-18 13:18:59","url":"/v1/api/admin/order/status"}
{"body":{"id":"648ea9f06290ba33d80bcc8b"},"host":"localhost:3000","ip":"::1","level":"info","message":"logs","method":"POST","params":{},"query":{},"timestamp":"2023-06-18 13:19:04","url":"/v1/api/admin/order/details"}
{"body":{"limit":10,"offset":0,"order":-1,"search":"","sort":"name"},"host":"localhost:3000","ip":"::1","level":"info","message":"logs","method":"POST","params":{},"query":{},"timestamp":"2023-06-18 13:19:09","url":"/v1/api/admin/order/list"}
{"body":{"limit":10,"offset":0,"order":-1,"search":"","sort":"name"},"host":"localhost:3000","ip":"::1","level":"info","message":"logs","method":"POST","params":{},"query":{},"timestamp":"2023-06-18 13:19:44","url":"/v1/api/admin/user/list"}
{"body":{"email":"rajvir@yopmail.com","password":"123456"},"host":"localhost:3000","ip":"::1","level":"info","message":"logs","method":"POST","params":{},"query":{},"timestamp":"2023-06-18 23:17:05","url":"/v1/api/admin/login"}
{"body":{},"host":"localhost:3000","ip":"::1","level":"info","message":"logs","method":"PUT","params":{},"query":{},"timestamp":"2023-06-18 23:18:46","url":"/v1/api/admin/content/edit"}
{"body":{"term":""},"host":"localhost:3000","ip":"::1","level":"info","message":"logs","method":"PUT","params":{},"query":{},"timestamp":"2023-06-18 23:18:52","url":"/v1/api/admin/content/edit"}
{"body":{"privacy":"","term":""},"host":"localhost:3000","ip":"::1","level":"info","message":"logs","method":"PUT","params":{},"query":{},"timestamp":"2023-06-18 23:19:07","url":"/v1/api/admin/content/edit"}
{"body":{"privacy":"This is privacy","term":"This is terms"},"host":"localhost:3000","ip":"::1","level":"info","message":"logs","method":"PUT","params":{},"query":{},"timestamp":"2023-06-18 23:19:22","url":"/v1/api/admin/content/edit"}
{"body":{},"host":"localhost:3000","ip":"::1","level":"info","message":"logs","method":"POST","params":{},"query":{},"timestamp":"2023-06-18 23:20:50","url":"/v1/api/admin/faq/add"}
{"body":{"answer":"answer"},"host":"localhost:3000","ip":"::1","level":"info","message":"logs","method":"POST","params":{},"query":{},"timestamp":"2023-06-18 23:21:04","url":"/v1/api/admin/faq/add"}
{"body":{"answer":"answer","question":""},"host":"localhost:3000","ip":"::1","level":"info","message":"logs","method":"POST","params":{},"query":{},"timestamp":"2023-06-18 23:21:10","url":"/v1/api/admin/faq/add"}
{"body":{"answer":"answer","question":"question"},"host":"localhost:3000","ip":"::1","level":"info","message":"logs","method":"POST","params":{},"query":{},"timestamp":"2023-06-18 23:21:14","url":"/v1/api/admin/faq/add"}
{"body":{"answer":"answer","question":"question"},"host":"localhost:3000","ip":"::1","level":"info","message":"logs","method":"POST","params":{},"query":{},"timestamp":"2023-06-18 23:21:40","url":"/v1/api/admin/faq/add"}
{"body":{"answer":"answer","question":"question"},"host":"localhost:3000","ip":"::1","level":"info","message":"logs","method":"POST","params":{},"query":{},"timestamp":"2023-06-18 23:22:36","url":"/v1/api/admin/faq/add"}
{"body":{"email":"rajvir@yopmail.com","password":"123456"},"host":"localhost:3000","ip":"::1","level":"info","message":"logs","method":"POST","params":{},"query":{},"timestamp":"2023-06-18 23:22:42","url":"/v1/api/admin/login"}
{"body":{"email":"adminn@yopmail.com","password":"123456"},"host":"localhost:3000","ip":"::1","level":"info","message":"logs","method":"POST","params":{},"query":{},"timestamp":"2023-06-18 23:22:49","url":"/v1/api/admin/login"}
{"body":{"email":"adminn@yopmail.com","password":"Admin@123"},"host":"localhost:3000","ip":"::1","level":"info","message":"logs","method":"POST","params":{},"query":{},"timestamp":"2023-06-18 23:22:57","url":"/v1/api/admin/login"}
{"body":{"email":"adminn@yopmail.com","password":"Pass@123"},"host":"localhost:3000","ip":"::1","level":"info","message":"logs","method":"POST","params":{},"query":{},"timestamp":"2023-06-18 23:23:04","url":"/v1/api/admin/login"}
{"body":{"answer":"answer","question":"question"},"host":"localhost:3000","ip":"::1","level":"info","message":"logs","method":"POST","params":{},"query":{},"timestamp":"2023-06-18 23:23:23","url":"/v1/api/admin/faq/add"}
{"body":{"answer":"answer","question":"question"},"host":"localhost:3000","ip":"::1","level":"info","message":"logs","method":"POST","params":{},"query":{},"timestamp":"2023-06-18 23:23:54","url":"/v1/api/admin/faq/list"}
{"body":{"answer":"becuse.","question":"Why this happped ?"},"host":"localhost:3000","ip":"::1","level":"info","message":"logs","method":"POST","params":{},"query":{},"timestamp":"2023-06-18 23:24:19","url":"/v1/api/admin/faq/add"}
{"body":{"answer":"answer","question":"question"},"host":"localhost:3000","ip":"::1","level":"info","message":"logs","method":"POST","params":{},"query":{},"timestamp":"2023-06-18 23:24:23","url":"/v1/api/admin/faq/list"}
{"body":{"limit":10,"offset":0,"order":-1,"search":"","sort":"name"},"host":"localhost:3000","ip":"::1","level":"info","message":"logs","method":"POST","params":{},"query":{},"timestamp":"2023-06-18 23:24:39","url":"/v1/api/admin/faq/list"}
{"body":{"limit":10,"offset":0,"order":-1,"search":"","sort":"question"},"host":"localhost:3000","ip":"::1","level":"info","message":"logs","method":"POST","params":{},"query":{},"timestamp":"2023-06-18 23:24:44","url":"/v1/api/admin/faq/list"}
{"body":{"limit":10,"offset":0,"order":1,"search":"","sort":"question"},"host":"localhost:3000","ip":"::1","level":"info","message":"logs","method":"POST","params":{},"query":{},"timestamp":"2023-06-18 23:24:46","url":"/v1/api/admin/faq/list"}
{"body":{"limit":1,"offset":1,"order":1,"search":"","sort":"question"},"host":"localhost:3000","ip":"::1","level":"info","message":"logs","method":"POST","params":{},"query":{},"timestamp":"2023-06-18 23:24:52","url":"/v1/api/admin/faq/list"}
{"body":{"limit":10,"offset":0,"order":1,"search":"quesio","sort":"question"},"host":"localhost:3000","ip":"::1","level":"info","message":"logs","method":"POST","params":{},"query":{},"timestamp":"2023-06-18 23:25:02","url":"/v1/api/admin/faq/list"}
{"body":{"limit":10,"offset":0,"order":1,"search":"ques","sort":"question"},"host":"localhost:3000","ip":"::1","level":"info","message":"logs","method":"POST","params":{},"query":{},"timestamp":"2023-06-18 23:25:04","url":"/v1/api/admin/faq/list"}
{"body":{"privacy":"This is privacy","term":"This is terms"},"host":"localhost:3000","ip":"::1","level":"info","message":"logs","method":"PUT","params":{},"query":{},"timestamp":"2023-06-18 23:25:16","url":"/v1/api/admin/faq/edit"}
{"body":{"answer":"This is terms","privacy":"This is privacy"},"host":"localhost:3000","ip":"::1","level":"info","message":"logs","method":"PUT","params":{},"query":{},"timestamp":"2023-06-18 23:25:23","url":"/v1/api/admin/faq/edit"}
{"body":{"answer":"This is terms","question":"This is privacy"},"host":"localhost:3000","ip":"::1","level":"info","message":"logs","method":"PUT","params":{},"query":{},"timestamp":"2023-06-18 23:25:28","url":"/v1/api/admin/faq/edit"}
{"body":{"answer":"This is terms","id":"saf","question":"This is privacy"},"host":"localhost:3000","ip":"::1","level":"info","message":"logs","method":"PUT","params":{},"query":{},"timestamp":"2023-06-18 23:25:34","url":"/v1/api/admin/faq/edit"}
{"body":{"limit":10,"offset":0,"order":1,"search":"","sort":"question"},"host":"localhost:3000","ip":"::1","level":"info","message":"logs","method":"POST","params":{},"query":{},"timestamp":"2023-06-18 23:25:38","url":"/v1/api/admin/faq/list"}
{"body":{"answer":"This is terms","id":"648f44cbd68a663584226f03","question":"This is privacy"},"host":"localhost:3000","ip":"::1","level":"info","message":"logs","method":"PUT","params":{},"query":{},"timestamp":"2023-06-18 23:25:44","url":"/v1/api/admin/faq/edit"}
{"body":{"limit":10,"offset":0,"order":1,"search":"","sort":"question"},"host":"localhost:3000","ip":"::1","level":"info","message":"logs","method":"POST","params":{},"query":{},"timestamp":"2023-06-18 23:25:47","url":"/v1/api/admin/faq/list"}
{"body":{},"host":"localhost:3000","ip":"::1","level":"info","message":"logs","method":"POST","params":{},"query":{},"timestamp":"2023-06-18 23:26:21","url":"/v1/api/admin/faq/details"}
{"body":{"id":"648f44cbd68a663584226f03"},"host":"localhost:3000","ip":"::1","level":"info","message":"logs","method":"POST","params":{},"query":{},"timestamp":"2023-06-18 23:26:27","url":"/v1/api/admin/faq/details"}
{"body":{"id":"648f44cbd68a663584226f03"},"host":"localhost:3000","ip":"::1","level":"info","message":"logs","method":"POST","params":{},"query":{},"timestamp":"2023-06-18 23:26:47","url":"/v1/api/admin/faq/details"}
{"body":{"answer":"This is terms","id":"648f44cbd68a663584226f03","question":"This is privacy"},"host":"localhost:3000","ip":"::1","level":"info","message":"logs","method":"DELETE","params":{},"query":{},"timestamp":"2023-06-18 23:27:16","url":"/v1/api/admin/faq/delete"}
{"body":{"limit":10,"offset":0,"order":1,"search":"","sort":"question"},"host":"localhost:3000","ip":"::1","level":"info","message":"logs","method":"POST","params":{},"query":{},"timestamp":"2023-06-18 23:27:23","url":"/v1/api/admin/faq/list"}
{"body":{"privacy":"This is privacy","term":"This is terms"},"host":"localhost:3000","ip":"::1","level":"info","message":"logs","method":"PUT","params":{},"query":{},"timestamp":"2023-06-18 23:28:54","url":"/v1/api/admin/discount/edit"}
{"body":{"privacy":"This is privacy","siteOfferDiscount":"This is terms"},"host":"localhost:3000","ip":"::1","level":"info","message":"logs","method":"PUT","params":{},"query":{},"timestamp":"2023-06-18 23:29:02","url":"/v1/api/admin/discount/edit"}
{"body":{"privacy":"This is privacy","siteOfferDiscount":10},"host":"localhost:3000","ip":"::1","level":"info","message":"logs","method":"PUT","params":{},"query":{},"timestamp":"2023-06-18 23:29:11","url":"/v1/api/admin/discount/edit"}
{"body":{"siteOfferDiscount":10,"siteOfferPrice":"This is privacy"},"host":"localhost:3000","ip":"::1","level":"info","message":"logs","method":"PUT","params":{},"query":{},"timestamp":"2023-06-18 23:29:16","url":"/v1/api/admin/discount/edit"}
{"body":{"siteOfferDiscount":10,"siteOfferPrice":1000},"host":"localhost:3000","ip":"::1","level":"info","message":"logs","method":"PUT","params":{},"query":{},"timestamp":"2023-06-18 23:29:21","url":"/v1/api/admin/discount/edit"}
{"body":{"framePrice":0,"siteOfferDiscount":10,"siteOfferPrice":1000},"host":"localhost:3000","ip":"::1","level":"info","message":"logs","method":"PUT","params":{},"query":{},"timestamp":"2023-06-18 23:29:28","url":"/v1/api/admin/discount/edit"}
{"body":{"framePrice":0,"shippingCharge":0,"siteOfferDiscount":10,"siteOfferPrice":1000},"host":"localhost:3000","ip":"::1","level":"info","message":"logs","method":"PUT","params":{},"query":{},"timestamp":"2023-06-18 23:29:36","url":"/v1/api/admin/discount/edit"}
{"body":{"framePrice":0,"freeDeliveryPrice":0,"shippingCharge":0,"siteOfferDiscount":10,"siteOfferPrice":1000},"host":"localhost:3000","ip":"::1","level":"info","message":"logs","method":"PUT","params":{},"query":{},"timestamp":"2023-06-18 23:29:47","url":"/v1/api/admin/discount/edit"}
{"body":{"framePrice":15,"freeDeliveryPrice":499,"shippingCharge":50,"siteOfferDiscount":10,"siteOfferPrice":1000},"host":"localhost:3000","ip":"::1","level":"info","message":"logs","method":"PUT","params":{},"query":{},"timestamp":"2023-06-18 23:30:04","url":"/v1/api/admin/discount/edit"}
{"body":{"privacy":"This is privacy","term":"This is terms"},"host":"localhost:3000","ip":"::1","level":"info","message":"logs","method":"PUT","params":{},"query":{},"timestamp":"2023-06-18 23:30:39","url":"/v1/api/admin/homepage/edit"}
{"body":{"facebook":"This is terms","privacy":"This is privacy"},"host":"localhost:3000","ip":"::1","level":"info","message":"logs","method":"PUT","params":{},"query":{},"timestamp":"2023-06-18 23:31:40","url":"/v1/api/admin/homepage/edit"}
{"body":{"facebook":"This is terms","twitter":"This is privacy"},"host":"localhost:3000","ip":"::1","level":"info","message":"logs","method":"PUT","params":{},"query":{},"timestamp":"2023-06-18 23:31:44","url":"/v1/api/admin/homepage/edit"}
{"body":{"facebook":"This is terms","instragram":"","twitter":"This is privacy"},"host":"localhost:3000","ip":"::1","level":"info","message":"logs","method":"PUT","params":{},"query":{},"timestamp":"2023-06-18 23:31:50","url":"/v1/api/admin/homepage/edit"}
{"body":{"facebook":"https://www.facebook.com","instragram":"https://www.facebook.com","twitter":"https://www.facebook.com"},"host":"localhost:3000","ip":"::1","level":"info","message":"logs","method":"PUT","params":{},"query":{},"timestamp":"2023-06-18 23:32:12","url":"/v1/api/admin/homepage/edit"}
{"body":{"facebook":"https://www.facebook.com","instragram":"https://www.facebook.com","secondContent":{},"twitter":"https://www.facebook.com"},"host":"localhost:3000","ip":"::1","level":"info","message":"logs","method":"PUT","params":{},"query":{},"timestamp":"2023-06-18 23:32:19","url":"/v1/api/admin/homepage/edit"}
{"body":{"facebook":"https://www.facebook.com","instragram":"https://www.facebook.com","secondContent":{"description":"s"},"twitter":"https://www.facebook.com"},"host":"localhost:3000","ip":"::1","level":"info","message":"logs","method":"PUT","params":{},"query":{},"timestamp":"2023-06-18 23:32:26","url":"/v1/api/admin/homepage/edit"}
{"body":{"facebook":"https://www.facebook.com","instragram":"https://www.facebook.com","secondContent":{"description":"s","title":"t"},"twitter":"https://www.facebook.com"},"host":"localhost:3000","ip":"::1","level":"info","message":"logs","method":"PUT","params":{},"query":{},"timestamp":"2023-06-18 23:32:34","url":"/v1/api/admin/homepage/edit"}
{"body":{"facebook":"https://www.facebook.com","instragram":"https://www.facebook.com","secondContent":{"description":"s","links":"","title":"t"},"twitter":"https://www.facebook.com"},"host":"localhost:3000","ip":"::1","level":"info","message":"logs","method":"PUT","params":{},"query":{},"timestamp":"2023-06-18 23:32:41","url":"/v1/api/admin/homepage/edit"}
{"body":{"facebook":"https://www.facebook.com","instragram":"https://www.facebook.com","secondContent":{"description":"s","links":[],"title":"t"},"twitter":"https://www.facebook.com"},"host":"localhost:3000","ip":"::1","level":"info","message":"logs","method":"PUT","params":{},"query":{},"timestamp":"2023-06-18 23:32:46","url":"/v1/api/admin/homepage/edit"}
{"body":{"facebook":"https://www.facebook.com","firstContent":{"description":"s","links":[],"title":"t"},"instragram":"https://www.facebook.com","secondContent":{"description":"s","links":[],"title":"t"},"twitter":"https://www.facebook.com"},"host":"localhost:3000","ip":"::1","level":"info","message":"logs","method":"PUT","params":{},"query":{},"timestamp":"2023-06-18 23:33:10","url":"/v1/api/admin/homepage/edit"}
{"body":{"limit":10,"offset":0,"order":1,"search":"","sort":"question"},"host":"localhost:3000","ip":"::1","level":"info","message":"logs","method":"POST","params":{},"query":{},"timestamp":"2023-06-18 23:39:33","url":"/v1/api/admin/testimonial/list"}
{"body":{"id":"648f44cbd68a663584226f03"},"host":"localhost:3000","ip":"::1","level":"info","message":"logs","method":"DELETE","params":{},"query":{},"timestamp":"2023-06-18 23:39:54","url":"/v1/api/admin/testimonial/delete"}
{"body":{"answer":"becuse.","question":"Why this happped ?"},"host":"localhost:3000","ip":"::1","level":"info","message":"logs","method":"POST","params":{},"query":{},"timestamp":"2023-06-18 23:40:01","url":"/v1/api/admin/testimonial/add"}
{"body":{"question":"Why this happped ?","text":"becuse."},"host":"localhost:3000","ip":"::1","level":"info","message":"logs","method":"POST","params":{},"query":{},"timestamp":"2023-06-18 23:40:05","url":"/v1/api/admin/testimonial/add"}
{"body":{"media":"Why this happped ?","text":"becuse."},"host":"localhost:3000","ip":"::1","level":"info","message":"logs","method":"POST","params":{},"query":{},"timestamp":"2023-06-18 23:40:10","url":"/v1/api/admin/testimonial/add"}
{"body":{"media":"http://www.com","text":"becuse."},"host":"localhost:3000","ip":"::1","level":"info","message":"logs","method":"POST","params":{},"query":{},"timestamp":"2023-06-18 23:40:22","url":"/v1/api/admin/testimonial/add"}
{"body":{"media":"http://www.com","text":"becuse."},"host":"localhost:3000","ip":"::1","level":"info","message":"logs","method":"POST","params":{},"query":{},"timestamp":"2023-06-18 23:40:36","url":"/v1/api/admin/testimonial/add"}
{"body":{"limit":10,"offset":0,"order":1,"search":"","sort":"question"},"host":"localhost:3000","ip":"::1","level":"info","message":"logs","method":"POST","params":{},"query":{},"timestamp":"2023-06-18 23:40:40","url":"/v1/api/admin/testimonial/list"}
{"body":{"id":"648f489c5f6b4b3280df0bb9"},"host":"localhost:3000","ip":"::1","level":"info","message":"logs","method":"DELETE","params":{},"query":{},"timestamp":"2023-06-18 23:41:00","url":"/v1/api/admin/testimonial/delete"}
{"body":{"media":"http://www.com","text":"becuse."},"host":"localhost:3000","ip":"::1","level":"info","message":"logs","method":"POST","params":{},"query":{},"timestamp":"2023-06-18 23:41:06","url":"/v1/api/admin/testimonial/add"}
{"body":{"limit":10,"offset":0,"order":1,"search":"","sort":"question"},"host":"localhost:3000","ip":"::1","level":"info","message":"logs","method":"POST","params":{},"query":{},"timestamp":"2023-06-18 23:41:09","url":"/v1/api/admin/testimonial/list"}
{"body":{"answer":"This is terms","id":"648f48ba5f6b4b3280df0bc1","question":"This is privacy"},"host":"localhost:3000","ip":"::1","level":"info","message":"logs","method":"PUT","params":{},"query":{},"timestamp":"2023-06-18 23:41:16","url":"/v1/api/admin/testimonial/edit"}
{"body":{"id":"648f48ba5f6b4b3280df0bc1","media":"This is privacy","text":"This is terms"},"host":"localhost:3000","ip":"::1","level":"info","message":"logs","method":"PUT","params":{},"query":{},"timestamp":"2023-06-18 23:41:29","url":"/v1/api/admin/testimonial/edit"}
{"body":{"id":"648f48ba5f6b4b3280df0bc1","media":"http://www.comy","text":"This is terms"},"host":"localhost:3000","ip":"::1","level":"info","message":"logs","method":"PUT","params":{},"query":{},"timestamp":"2023-06-18 23:41:57","url":"/v1/api/admin/testimonial/edit"}
{"body":{"id":"648f44cbd68a663584226f03"},"host":"localhost:3000","ip":"::1","level":"info","message":"logs","method":"POST","params":{},"query":{},"timestamp":"2023-06-18 23:42:44","url":"/v1/api/admin/testimonial/details"}
{"body":{"id":"648f48ba5f6b4b3280df0bc1"},"host":"localhost:3000","ip":"::1","level":"info","message":"logs","method":"POST","params":{},"query":{},"timestamp":"2023-06-18 23:42:59","url":"/v1/api/admin/testimonial/details"}
{"body":{"data":{"email":"dev1@yopmail.com","id":1,"name":"dev1","picture":"https://storage.googleapis.com/ecommerce-5769b.appspot.com/1685776863308?GoogleAccessId=firebase-adminsdk-1t0jy%40ecommerce-5769b.iam.gserviceaccount.com&Expires=2246380200&Signature=PUoBlXlcjWOJh88YTypInByvavs2lkhPheBOamICsz2ak0VLIu4DP5rBfvd6e3OAmCFE60cx3E%2BAL0Bb2qtCrdt7TSxsuu4EJHaAj8Z2mzGrW75%2B02hO%2FsSSk8tnQHLjsfwjiWQcg3oTiuV6ad3u%2ByZhRW3k87UCgmsrLmgInqr2Cf4y1fAoQy1sWmGZWJZdaVFC4X01k4brHnOjFi4npYl1tZN%2BvJaYdcA5yyGcngiLwxSUamV229wlgare0PGvdcjwAQyxWw%2BK6yLhURqAbmspbASAQUygvSs4Eu2ugmMWswNRZVcdfWjXnFT1XObkjKi7cWqc8bICSc7wJ5Fpig%3D%3D"},"deviceToken":"token1","deviceType":"ios","loginType":"google"},"host":"localhost:3000","ip":"::1","level":"info","message":"logs","method":"POST","params":{},"query":{},"timestamp":"2023-06-19 00:34:37","url":"/v1/api/user/social-login"}
{"body":{"count":2,"email":"dev1@yopmail.com"},"host":"localhost:3000","ip":"::1","level":"info","message":"logs","method":"POST","params":{},"query":{},"timestamp":"2023-06-19 00:35:09","url":"/v1/api/user/promo/buy"}
{"body":{"email":"dev1@yopmail.com","id":"648f4b654f741b34ac37a6f3"},"host":"localhost:3000","ip":"::1","level":"info","message":"logs","method":"POST","params":{},"query":{},"timestamp":"2023-06-19 00:35:28","url":"/v1/api/user/promo/buy"}
{"body":{"email":"dev1@yopmail.com","id":"648f4b654f741b34ac37a6f0"},"host":"localhost:3000","ip":"::1","level":"info","message":"logs","method":"POST","params":{},"query":{},"timestamp":"2023-06-19 00:36:04","url":"/v1/api/user/promo/buy"}
{"body":{"email":"dev1@yopmail.com","id":"648f4b654f741b34ac37a6f1"},"host":"localhost:3000","ip":"::1","level":"info","message":"logs","method":"POST","params":{},"query":{},"timestamp":"2023-06-19 00:36:08","url":"/v1/api/user/promo/buy"}
{"body":{"email":"dev1@yopmail.com","id":"648f4b654f741b34ac37a6f1"},"host":"localhost:3000","ip":"::1","level":"info","message":"logs","method":"POST","params":{},"query":{},"timestamp":"2023-06-19 00:36:39","url":"/v1/api/user/promo/buy"}
{"body":{"email":"dev1@yopmail.com","id":"648f4b654f741b34ac37a6f1"},"host":"localhost:3000","ip":"::1","level":"info","message":"logs","method":"POST","params":{},"query":{},"timestamp":"2023-06-19 00:39:06","url":"/v1/api/user/promo/buy"}
{"body":{"products":[{"frame":"https://storage.googleapis.com/ecommerce-5769b.appspot.com/1685776863308?GoogleAccessId=firebase-adminsdk-1t0jy%40ecommerce-5769b.iam.gserviceaccount.com&Expires=2246380200&Signature=PUoBlXlcjWOJh88YTypInByvavs2lkhPheBOamICsz2ak0VLIu4DP5rBfvd6e3OAmCFE60cx3E%2BAL0Bb2qtCrdt7TSxsuu4EJHaAj8Z2mzGrW75%2B02hO%2FsSSk8tnQHLjsfwjiWQcg3oTiuV6ad3u%2ByZhRW3k87UCgmsrLmgInqr2Cf4y1fAoQy1sWmGZWJZdaVFC4X01k4brHnOjFi4npYl1tZN%2BvJaYdcA5yyGcngiLwxSUamV229wlgare0PGvdcjwAQyxWw%2BK6yLhURqAbmspbASAQUygvSs4Eu2ugmMWswNRZVcdfWjXnFT1XObkjKi7cWqc8bICSc7wJ5Fpig%3D%3D","picture":"https://storage.googleapis.com/ecommerce-5769b.appspot.com/1685776863308?GoogleAccessId=firebase-adminsdk-1t0jy%40ecommerce-5769b.iam.gserviceaccount.com&Expires=2246380200&Signature=PUoBlXlcjWOJh88YTypInByvavs2lkhPheBOamICsz2ak0VLIu4DP5rBfvd6e3OAmCFE60cx3E%2BAL0Bb2qtCrdt7TSxsuu4EJHaAj8Z2mzGrW75%2B02hO%2FsSSk8tnQHLjsfwjiWQcg3oTiuV6ad3u%2ByZhRW3k87UCgmsrLmgInqr2Cf4y1fAoQy1sWmGZWJZdaVFC4X01k4brHnOjFi4npYl1tZN%2BvJaYdcA5yyGcngiLwxSUamV229wlgare0PGvdcjwAQyxWw%2BK6yLhURqAbmspbASAQUygvSs4Eu2ugmMWswNRZVcdfWjXnFT1XObkjKi7cWqc8bICSc7wJ5Fpig%3D%3D","quantity":1}],"promo":null},"host":"localhost:3000","ip":"::1","level":"info","message":"logs","method":"POST","params":{},"query":{},"timestamp":"2023-06-19 00:40:34","url":"/v1/api/user/order/cost"}
{"body":{"products":[{"frame":"https://storage.googleapis.com","picture":"https://storage.googleapis.com","quantity":1},{"frame":"https://storage.googleapis.com","picture":"https://storage.googleapis.com","quantity":1}],"promo":null},"host":"localhost:3000","ip":"::1","level":"info","message":"logs","method":"POST","params":{},"query":{},"timestamp":"2023-06-19 00:41:44","url":"/v1/api/user/order/cost"}
{"body":{"products":[{"frame":"https://storage.googleapis.com","picture":"https://storage.googleapis.com","quantity":1},{"frame":"https://storage.googleapis.com","picture":"https://storage.googleapis.com","quantity":1}],"promo":null},"host":"localhost:3000","ip":"::1","level":"info","message":"logs","method":"POST","params":{},"query":{},"timestamp":"2023-06-19 00:42:39","url":"/v1/api/user/order/cost"}
{"body":{"products":[{"frame":"https://storage.googleapis.com","picture":"https://storage.googleapis.com","quantity":1},{"frame":"https://storage.googleapis.com","picture":"https://storage.googleapis.com","quantity":1}],"promo":null},"host":"localhost:3000","ip":"::1","level":"info","message":"logs","method":"POST","params":{},"query":{},"timestamp":"2023-06-19 00:43:24","url":"/v1/api/user/order/cost"}
{"body":{"products":[{"frame":"https://storage.googleapis.com","picture":"https://storage.googleapis.com","quantity":1},{"frame":"https://storage.googleapis.com","picture":"https://storage.googleapis.com","quantity":1}],"promo":null},"host":"localhost:3000","ip":"::1","level":"info","message":"logs","method":"POST","params":{},"query":{},"timestamp":"2023-06-19 00:43:42","url":"/v1/api/user/order/cost"}
{"body":{"products":[{"frame":"https://storage.googleapis.com","picture":"https://storage.googleapis.com","quantity":1},{"frame":"https://storage.googleapis.com","picture":"https://storage.googleapis.com","quantity":1}],"promo":null},"host":"localhost:3000","ip":"::1","level":"info","message":"logs","method":"POST","params":{},"query":{},"timestamp":"2023-06-19 00:44:53","url":"/v1/api/user/order/cost"}
{"body":{"products":[{"frame":"https://storage.googleapis.com","picture":"https://storage.googleapis.com","quantity":1},{"frame":"https://storage.googleapis.com","picture":"https://storage.googleapis.com","quantity":1}],"promo":null},"host":"localhost:3000","ip":"::1","level":"info","message":"logs","method":"POST","params":{},"query":{},"timestamp":"2023-06-19 00:46:04","url":"/v1/api/user/order/cost"}
{"body":{"products":[{"frame":"https://storage.googleapis.com","picture":"https://storage.googleapis.com","quantity":1},{"frame":"https://storage.googleapis.com","picture":"https://storage.googleapis.com","quantity":1}],"promo":"B41BCA"},"host":"localhost:3000","ip":"::1","level":"info","message":"logs","method":"POST","params":{},"query":{},"timestamp":"2023-06-19 00:51:30","url":"/v1/api/user/order/cost"}
